#
# There is insufficient memory for the Java Runtime Environment to continue.
# Native memory allocation (malloc) failed to allocate 1438552 bytes. Error detail: Chunk::new
# Possible reasons:
#   The system is out of physical RAM or swap space
#   This process is running with CompressedOops enabled, and the Java Heap may be blocking the growth of the native heap
# Possible solutions:
#   Reduce memory load on the system
#   Increase physical memory or swap space
#   Check if swap backing store is full
#   Decrease Java heap size (-Xmx/-Xms)
#   Decrease number of Java threads
#   Decrease Java thread stack sizes (-Xss)
#   Set larger code cache with -XX:ReservedCodeCacheSize=
#   JVM is running with Unscaled Compressed Oops mode in which the Java heap is
#     placed in the first 4GB address space. The Java Heap base address is the
#     maximum limit for the native heap growth. Please use -XX:HeapBaseMinAddress
#     to set the Java Heap base and to place the Java Heap above 4GB virtual address.
# This output file may be truncated or incomplete.
#
#  Out of Memory Error (arena.cpp:186), pid=16496, tid=22316
#
# JRE version: Java(TM) SE Runtime Environment (25.0.1+8) (build 25.0.1+8-LTS-27)
# Java VM: Java HotSpot(TM) 64-Bit Server VM (25.0.1+8-LTS-27, mixed mode, sharing, tiered, compressed oops, compressed class ptrs, g1 gc, windows-amd64)
# No core dump will be written. Minidumps are not enabled by default on client versions of Windows
#

---------------  S U M M A R Y ------------

Command Line: -agentlib:jdwp=transport=dt_socket,server=n,suspend=y,address=localhost:59761 --enable-preview -XX:+ShowCodeDetailsInExceptionMessages server.WeatherServer

Host: 11th Gen Intel(R) Core(TM) i5-1155G7 @ 2.50GHz, 8 cores, 7G,  Windows 11 , 64 bit Build 26100 (10.0.26100.6725)
Time: Fri Dec 26 18:56:43 2025 India Standard Time elapsed time: 2037.908968 seconds (0d 0h 33m 57s)

---------------  T H R E A D  ---------------

Current thread (0x000001b326b5ae80):  JavaThread "C2 CompilerThread0" daemon [_thread_in_native, id=22316, stack(0x0000004fe1d00000,0x0000004fe1e00000) (1024K)]


Current CompileTask:
C2:2037909  912   !   4       java.lang.StringUTF16::replace (625 bytes)

Stack: [0x0000004fe1d00000,0x0000004fe1e00000]
Native frames: (J=compiled Java code, j=interpreted, Vv=VM code, C=native code)
V  [jvm.dll+0x7a6b59]  (no source info available)
V  [jvm.dll+0x77290d]  (no source info available)
V  [jvm.dll+0x966153]  (no source info available)
V  [jvm.dll+0x968751]  (no source info available)
V  [jvm.dll+0x968e53]  (no source info available)
V  [jvm.dll+0x2fc756]  (no source info available)
V  [jvm.dll+0x111b26]  (no source info available)
V  [jvm.dll+0x111e4e]  (no source info available)
V  [jvm.dll+0x1a0a22]  (no source info available)
V  [jvm.dll+0x3b53c2]  (no source info available)
V  [jvm.dll+0x7ac4ef]  (no source info available)
V  [jvm.dll+0x2c0ac7]  (no source info available)
V  [jvm.dll+0x2bfa8f]  (no source info available)
V  [jvm.dll+0x237b60]  (no source info available)
V  [jvm.dll+0x2cfb56]  (no source info available)
V  [jvm.dll+0x2cddd5]  (no source info available)
V  [jvm.dll+0x48e6d1]  (no source info available)
V  [jvm.dll+0x906a0d]  (no source info available)
V  [jvm.dll+0x7a5135]  (no source info available)
C  [ucrtbase.dll+0x37b0]  (no source info available)
C  [KERNEL32.DLL+0x2e8d7]  (no source info available)
C  [ntdll.dll+0x8c53c]  (no source info available)

Lock stack of current Java thread (top to bottom):


---------------  P R O C E S S  ---------------

Threads class SMR info:
_java_thread_list=0x000001b3274db040, length=16, elements={
0x000001b326b41630, 0x000001b326b41df0, 0x000001b326b439c0, 0x000001b326b44580,
0x000001b326b45270, 0x000001b326b45f60, 0x000001b326b5ae80, 0x000001b326b5f320,
0x000001b3273ae4a0, 0x000001b3273b8050, 0x000001b3273ba940, 0x000001b3273bb530,
0x000001b3273d31c0, 0x000001b3276bbd20, 0x000001b326b73a80, 0x000001b326b751f0
}

Java Threads: ( => current thread )
  0x000001b326b41630 JavaThread "Reference Handler"          daemon [_thread_blocked, id=8536, stack(0x0000004fe1700000,0x0000004fe1800000) (1024K)]
  0x000001b326b41df0 JavaThread "Finalizer"                  daemon [_thread_blocked, id=18564, stack(0x0000004fe1800000,0x0000004fe1900000) (1024K)]
  0x000001b326b439c0 JavaThread "Signal Dispatcher"          daemon [_thread_blocked, id=2232, stack(0x0000004fe1900000,0x0000004fe1a00000) (1024K)]
  0x000001b326b44580 JavaThread "Attach Listener"            daemon [_thread_blocked, id=18720, stack(0x0000004fe1a00000,0x0000004fe1b00000) (1024K)]
  0x000001b326b45270 JavaThread "Service Thread"             daemon [_thread_blocked, id=3000, stack(0x0000004fe1b00000,0x0000004fe1c00000) (1024K)]
  0x000001b326b45f60 JavaThread "Monitor Deflation Thread"   daemon [_thread_blocked, id=1740, stack(0x0000004fe1c00000,0x0000004fe1d00000) (1024K)]
=>0x000001b326b5ae80 JavaThread "C2 CompilerThread0"         daemon [_thread_in_native, id=22316, stack(0x0000004fe1d00000,0x0000004fe1e00000) (1024K)]
  0x000001b326b5f320 JavaThread "C1 CompilerThread0"         daemon [_thread_blocked, id=12068, stack(0x0000004fe1e00000,0x0000004fe1f00000) (1024K)]
  0x000001b3273ae4a0 JavaThread "JDWP Transport Listener: dt_socket" daemon [_thread_blocked, id=21092, stack(0x0000004fe1f00000,0x0000004fe2000000) (1024K)]
  0x000001b3273b8050 JavaThread "JDWP Event Helper Thread"   daemon [_thread_blocked, id=24476, stack(0x0000004fe2000000,0x0000004fe2100000) (1024K)]
  0x000001b3273ba940 JavaThread "JDWP Command Reader"        daemon [_thread_in_native, id=3900, stack(0x0000004fe2100000,0x0000004fe2200000) (1024K)]
  0x000001b3273bb530 JavaThread "Notification Thread"        daemon [_thread_blocked, id=22720, stack(0x0000004fe2200000,0x0000004fe2300000) (1024K)]
  0x000001b3273d31c0 JavaThread "Common-Cleaner"             daemon [_thread_blocked, id=19956, stack(0x0000004fe2300000,0x0000004fe2400000) (1024K)]
  0x000001b3276bbd20 JavaThread "idle-timeout-task"          daemon [_thread_blocked, id=5232, stack(0x0000004fe2400000,0x0000004fe2500000) (1024K)]
  0x000001b326b73a80 JavaThread "HTTP-Dispatcher"                   [_thread_in_native, id=10248, stack(0x0000004fe2500000,0x0000004fe2600000) (1024K)]
  0x000001b326b751f0 JavaThread "DestroyJavaVM"                     [_thread_blocked, id=18588, stack(0x0000004fe0f00000,0x0000004fe1000000) (1024K)]
Total: 16

Other Threads:
  0x000001b326b2c360 VMThread "VM Thread"                           [id=21812, stack(0x0000004fe1600000,0x0000004fe1700000) (1024K)]
  0x000001b326b1f1f0 WatcherThread "VM Periodic Task Thread"        [id=3548, stack(0x0000004fe1500000,0x0000004fe1600000) (1024K)]
  0x000001b30a481960 WorkerThread "GC Thread#0"                     [id=18552, stack(0x0000004fe1000000,0x0000004fe1100000) (1024K)]
  0x000001b30a4d8b80 ConcurrentGCThread "G1 Main Marker"            [id=23772, stack(0x0000004fe1100000,0x0000004fe1200000) (1024K)]
  0x000001b30a4d9720 WorkerThread "G1 Conc#0"                       [id=23732, stack(0x0000004fe1200000,0x0000004fe1300000) (1024K)]
  0x000001b3269e80a0 ConcurrentGCThread "G1 Refine#0"               [id=3208, stack(0x0000004fe1300000,0x0000004fe1400000) (1024K)]
  0x000001b3269eaf80 ConcurrentGCThread "G1 Service"                [id=22532, stack(0x0000004fe1400000,0x0000004fe1500000) (1024K)]
Total: 7

Threads with active compile tasks:
C2 CompilerThread0  2039007  912   !   4       java.lang.StringUTF16::replace (625 bytes)
Total: 1

VM state: not at safepoint (normal execution)

VM Mutex/Monitor currently owned by a thread: None

Heap address: 0x0000000083600000, size: 1994 MB, Compressed Oops mode: 32-bit

CDS archive(s) mapped at: [0x0000000003000000-0x0000000003dd0000-0x0000000003dd0000), size 14483456, SharedBaseAddress: 0x0000000003000000, ArchiveRelocationMode: 1.
Compressed class space mapped at: 0x0000000004000000-0x0000000044000000, reserved size: 1073741824
UseCompressedClassPointers 1, UseCompactObjectHeaders 0
Narrow klass pointer bits 32, Max shift 3
Narrow klass base: 0x0000000003000000, Narrow klass shift: 0
Encoding Range: [0x0000000003000000 - 0x0000000103000000), (4294967296 bytes)
Klass Range:    [0x0000000003010000 - 0x0000000044000000), (1090453504 bytes)
Klass ID Range:  [65536 - 1090519033) (1090453497)
Protection zone: [0x0000000003000000 - 0x0000000003010000), (65536 bytes)

GC Precious Log:
 CardTable entry size: 512
 Card Set container configuration: InlinePtr #cards 5 size 8 Array Of Cards #cards 10 size 36 Howl #buckets 4 coarsen threshold 1843 Howl Bitmap #cards 512 size 80 coarsen threshold 460 Card regions per heap region 1 cards per card region 2048
 CPUs: 8 total, 8 available
 Memory: 7975M
 Large Page Support: Disabled
 NUMA Support: Disabled
 Compressed Oops: Enabled (32-bit)
 Heap Region Size: 1M
 Heap Min Capacity: 8M
 Heap Initial Capacity: 126M
 Heap Max Capacity: 1994M
 Pre-touch: Disabled
 Parallel Workers: 8
 Concurrent Workers: 2
 Concurrent Refinement Workers: 8
 Periodic GC: Disabled

Heap:
 garbage-first heap   total reserved 2041856K, committed 131072K, used 53397K [0x0000000083600000, 0x0000000100000000)
  region size 1024K, 11 young (11264K), 0 survivors (0K)

Heap Regions: E=young(eden), S=young(survivor), O=old, HS=humongous(starts), HC=humongous(continues), CS=collection set, F=free, TAMS=top-at-mark-start, PB=parsable bottom
|   0|0x0000000083600000, 0x0000000083700000, 0x0000000083700000|100%|HS|  |TAMS 0x0000000083600000| PB 0x0000000083600000| Complete |  0
|   1|0x0000000083700000, 0x0000000083800000, 0x0000000083800000|100%|HC|  |TAMS 0x0000000083700000| PB 0x0000000083700000| Complete |  0
|   2|0x0000000083800000, 0x0000000083900000, 0x0000000083900000|100%|HC|  |TAMS 0x0000000083800000| PB 0x0000000083800000| Complete |  0
|   3|0x0000000083900000, 0x0000000083a00000, 0x0000000083a00000|100%|HC|  |TAMS 0x0000000083900000| PB 0x0000000083900000| Complete |  0
|   4|0x0000000083a00000, 0x0000000083b00000, 0x0000000083b00000|100%|HC|  |TAMS 0x0000000083a00000| PB 0x0000000083a00000| Complete |  0
|   5|0x0000000083b00000, 0x0000000083c00000, 0x0000000083c00000|100%|HC|  |TAMS 0x0000000083b00000| PB 0x0000000083b00000| Complete |  0
|   6|0x0000000083c00000, 0x0000000083d00000, 0x0000000083d00000|100%|HS|  |TAMS 0x0000000083c00000| PB 0x0000000083c00000| Complete |  0
|   7|0x0000000083d00000, 0x0000000083e00000, 0x0000000083e00000|100%|HC|  |TAMS 0x0000000083d00000| PB 0x0000000083d00000| Complete |  0
|   8|0x0000000083e00000, 0x0000000083f00000, 0x0000000083f00000|100%|HC|  |TAMS 0x0000000083e00000| PB 0x0000000083e00000| Complete |  0
|   9|0x0000000083f00000, 0x0000000084000000, 0x0000000084000000|100%|HC|  |TAMS 0x0000000083f00000| PB 0x0000000083f00000| Complete |  0
|  10|0x0000000084000000, 0x0000000084100000, 0x0000000084100000|100%|HC|  |TAMS 0x0000000084000000| PB 0x0000000084000000| Complete |  0
|  11|0x0000000084100000, 0x0000000084200000, 0x0000000084200000|100%|HC|  |TAMS 0x0000000084100000| PB 0x0000000084100000| Complete |  0
|  12|0x0000000084200000, 0x0000000084300000, 0x0000000084300000|100%|HC|  |TAMS 0x0000000084200000| PB 0x0000000084200000| Complete |  0
|  13|0x0000000084300000, 0x0000000084400000, 0x0000000084400000|100%|HC|  |TAMS 0x0000000084300000| PB 0x0000000084300000| Complete |  0
|  14|0x0000000084400000, 0x0000000084500000, 0x0000000084500000|100%|HC|  |TAMS 0x0000000084400000| PB 0x0000000084400000| Complete |  0
|  15|0x0000000084500000, 0x0000000084600000, 0x0000000084600000|100%|HC|  |TAMS 0x0000000084500000| PB 0x0000000084500000| Complete |  0
|  16|0x0000000084600000, 0x0000000084700000, 0x0000000084700000|100%|HC|  |TAMS 0x0000000084600000| PB 0x0000000084600000| Complete |  0
|  17|0x0000000084700000, 0x0000000084800000, 0x0000000084800000|100%|HC|  |TAMS 0x0000000084700000| PB 0x0000000084700000| Complete |  0
|  18|0x0000000084800000, 0x0000000084900000, 0x0000000084900000|100%|HS|  |TAMS 0x0000000084800000| PB 0x0000000084800000| Complete |  0
|  19|0x0000000084900000, 0x0000000084a00000, 0x0000000084a00000|100%|HC|  |TAMS 0x0000000084900000| PB 0x0000000084900000| Complete |  0
|  20|0x0000000084a00000, 0x0000000084b00000, 0x0000000084b00000|100%|HS|  |TAMS 0x0000000084a00000| PB 0x0000000084a00000| Complete |  0
|  21|0x0000000084b00000, 0x0000000084c00000, 0x0000000084c00000|100%|HC|  |TAMS 0x0000000084b00000| PB 0x0000000084b00000| Complete |  0
|  22|0x0000000084c00000, 0x0000000084d00000, 0x0000000084d00000|100%|HC|  |TAMS 0x0000000084c00000| PB 0x0000000084c00000| Complete |  0
|  23|0x0000000084d00000, 0x0000000084e00000, 0x0000000084e00000|100%|HS|  |TAMS 0x0000000084d00000| PB 0x0000000084d00000| Complete |  0
|  24|0x0000000084e00000, 0x0000000084f00000, 0x0000000084f00000|100%|HC|  |TAMS 0x0000000084e00000| PB 0x0000000084e00000| Complete |  0
|  25|0x0000000084f00000, 0x0000000085000000, 0x0000000085000000|100%|HC|  |TAMS 0x0000000084f00000| PB 0x0000000084f00000| Complete |  0
|  26|0x0000000085000000, 0x0000000085100000, 0x0000000085100000|100%|HC|  |TAMS 0x0000000085000000| PB 0x0000000085000000| Complete |  0
|  27|0x0000000085100000, 0x0000000085200000, 0x0000000085200000|100%|HC|  |TAMS 0x0000000085100000| PB 0x0000000085100000| Complete |  0
|  28|0x0000000085200000, 0x0000000085300000, 0x0000000085300000|100%|HC|  |TAMS 0x0000000085200000| PB 0x0000000085200000| Complete |  0
|  29|0x0000000085300000, 0x0000000085400000, 0x0000000085400000|100%|HS|  |TAMS 0x0000000085300000| PB 0x0000000085300000| Complete |  0
|  30|0x0000000085400000, 0x0000000085500000, 0x0000000085500000|100%|HC|  |TAMS 0x0000000085400000| PB 0x0000000085400000| Complete |  0
|  31|0x0000000085500000, 0x0000000085600000, 0x0000000085600000|100%|HC|  |TAMS 0x0000000085500000| PB 0x0000000085500000| Complete |  0
|  32|0x0000000085600000, 0x0000000085700000, 0x0000000085700000|100%|HC|  |TAMS 0x0000000085600000| PB 0x0000000085600000| Complete |  0
|  33|0x0000000085700000, 0x0000000085800000, 0x0000000085800000|100%|HC|  |TAMS 0x0000000085700000| PB 0x0000000085700000| Complete |  0
|  34|0x0000000085800000, 0x0000000085900000, 0x0000000085900000|100%|HC|  |TAMS 0x0000000085800000| PB 0x0000000085800000| Complete |  0
|  35|0x0000000085900000, 0x0000000085a00000, 0x0000000085a00000|100%|HC|  |TAMS 0x0000000085900000| PB 0x0000000085900000| Complete |  0
|  36|0x0000000085a00000, 0x0000000085b00000, 0x0000000085b00000|100%|HC|  |TAMS 0x0000000085a00000| PB 0x0000000085a00000| Complete |  0
|  37|0x0000000085b00000, 0x0000000085c00000, 0x0000000085c00000|100%|HC|  |TAMS 0x0000000085b00000| PB 0x0000000085b00000| Complete |  0
|  38|0x0000000085c00000, 0x0000000085d00000, 0x0000000085d00000|100%|HC|  |TAMS 0x0000000085c00000| PB 0x0000000085c00000| Complete |  0
|  39|0x0000000085d00000, 0x0000000085e00000, 0x0000000085e00000|100%|HC|  |TAMS 0x0000000085d00000| PB 0x0000000085d00000| Complete |  0
|  40|0x0000000085e00000, 0x0000000085f00000, 0x0000000085f00000|100%|HC|  |TAMS 0x0000000085e00000| PB 0x0000000085e00000| Complete |  0
|  41|0x0000000085f00000, 0x0000000085f00000, 0x0000000086000000|  0%| F|  |TAMS 0x0000000085f00000| PB 0x0000000085f00000| Untracked |  0
|  42|0x0000000086000000, 0x0000000086000000, 0x0000000086100000|  0%| F|  |TAMS 0x0000000086000000| PB 0x0000000086000000| Untracked |  0
|  43|0x0000000086100000, 0x0000000086100000, 0x0000000086200000|  0%| F|  |TAMS 0x0000000086100000| PB 0x0000000086100000| Untracked |  0
|  44|0x0000000086200000, 0x0000000086200000, 0x0000000086300000|  0%| F|  |TAMS 0x0000000086200000| PB 0x0000000086200000| Untracked |  0
|  45|0x0000000086300000, 0x0000000086300000, 0x0000000086400000|  0%| F|  |TAMS 0x0000000086300000| PB 0x0000000086300000| Untracked |  0
|  46|0x0000000086400000, 0x0000000086400000, 0x0000000086500000|  0%| F|  |TAMS 0x0000000086400000| PB 0x0000000086400000| Untracked |  0
|  47|0x0000000086500000, 0x0000000086500000, 0x0000000086600000|  0%| F|  |TAMS 0x0000000086500000| PB 0x0000000086500000| Untracked |  0
|  48|0x0000000086600000, 0x0000000086600000, 0x0000000086700000|  0%| F|  |TAMS 0x0000000086600000| PB 0x0000000086600000| Untracked |  0
|  49|0x0000000086700000, 0x0000000086700000, 0x0000000086800000|  0%| F|  |TAMS 0x0000000086700000| PB 0x0000000086700000| Untracked |  0
|  50|0x0000000086800000, 0x0000000086800000, 0x0000000086900000|  0%| F|  |TAMS 0x0000000086800000| PB 0x0000000086800000| Untracked |  0
|  51|0x0000000086900000, 0x0000000086900000, 0x0000000086a00000|  0%| F|  |TAMS 0x0000000086900000| PB 0x0000000086900000| Untracked |  0
|  52|0x0000000086a00000, 0x0000000086a00000, 0x0000000086b00000|  0%| F|  |TAMS 0x0000000086a00000| PB 0x0000000086a00000| Untracked |  0
|  53|0x0000000086b00000, 0x0000000086b00000, 0x0000000086c00000|  0%| F|  |TAMS 0x0000000086b00000| PB 0x0000000086b00000| Untracked |  0
|  54|0x0000000086c00000, 0x0000000086c00000, 0x0000000086d00000|  0%| F|  |TAMS 0x0000000086c00000| PB 0x0000000086c00000| Untracked |  0
|  55|0x0000000086d00000, 0x0000000086d00000, 0x0000000086e00000|  0%| F|  |TAMS 0x0000000086d00000| PB 0x0000000086d00000| Untracked |  0
|  56|0x0000000086e00000, 0x0000000086e00000, 0x0000000086f00000|  0%| F|  |TAMS 0x0000000086e00000| PB 0x0000000086e00000| Untracked |  0
|  57|0x0000000086f00000, 0x0000000086f00000, 0x0000000087000000|  0%| F|  |TAMS 0x0000000086f00000| PB 0x0000000086f00000| Untracked |  0
|  58|0x0000000087000000, 0x0000000087000000, 0x0000000087100000|  0%| F|  |TAMS 0x0000000087000000| PB 0x0000000087000000| Untracked |  0
|  59|0x0000000087100000, 0x0000000087100000, 0x0000000087200000|  0%| F|  |TAMS 0x0000000087100000| PB 0x0000000087100000| Untracked |  0
|  60|0x0000000087200000, 0x0000000087200000, 0x0000000087300000|  0%| F|  |TAMS 0x0000000087200000| PB 0x0000000087200000| Untracked |  0
|  61|0x0000000087300000, 0x0000000087300000, 0x0000000087400000|  0%| F|  |TAMS 0x0000000087300000| PB 0x0000000087300000| Untracked |  0
|  62|0x0000000087400000, 0x0000000087400000, 0x0000000087500000|  0%| F|  |TAMS 0x0000000087400000| PB 0x0000000087400000| Untracked |  0
|  63|0x0000000087500000, 0x0000000087500000, 0x0000000087600000|  0%| F|  |TAMS 0x0000000087500000| PB 0x0000000087500000| Untracked |  0
|  64|0x0000000087600000, 0x0000000087600000, 0x0000000087700000|  0%| F|  |TAMS 0x0000000087600000| PB 0x0000000087600000| Untracked |  0
|  65|0x0000000087700000, 0x0000000087700000, 0x0000000087800000|  0%| F|  |TAMS 0x0000000087700000| PB 0x0000000087700000| Untracked |  0
|  66|0x0000000087800000, 0x0000000087800000, 0x0000000087900000|  0%| F|  |TAMS 0x0000000087800000| PB 0x0000000087800000| Untracked |  0
|  67|0x0000000087900000, 0x0000000087900000, 0x0000000087a00000|  0%| F|  |TAMS 0x0000000087900000| PB 0x0000000087900000| Untracked |  0
|  68|0x0000000087a00000, 0x0000000087a00000, 0x0000000087b00000|  0%| F|  |TAMS 0x0000000087a00000| PB 0x0000000087a00000| Untracked |  0
|  69|0x0000000087b00000, 0x0000000087b00000, 0x0000000087c00000|  0%| F|  |TAMS 0x0000000087b00000| PB 0x0000000087b00000| Untracked |  0
|  70|0x0000000087c00000, 0x0000000087c00000, 0x0000000087d00000|  0%| F|  |TAMS 0x0000000087c00000| PB 0x0000000087c00000| Untracked |  0
|  71|0x0000000087d00000, 0x0000000087d00000, 0x0000000087e00000|  0%| F|  |TAMS 0x0000000087d00000| PB 0x0000000087d00000| Untracked |  0
|  72|0x0000000087e00000, 0x0000000087e00000, 0x0000000087f00000|  0%| F|  |TAMS 0x0000000087e00000| PB 0x0000000087e00000| Untracked |  0
|  73|0x0000000087f00000, 0x0000000087f00000, 0x0000000088000000|  0%| F|  |TAMS 0x0000000087f00000| PB 0x0000000087f00000| Untracked |  0
|  74|0x0000000088000000, 0x0000000088000000, 0x0000000088100000|  0%| F|  |TAMS 0x0000000088000000| PB 0x0000000088000000| Untracked |  0
|  75|0x0000000088100000, 0x0000000088100000, 0x0000000088200000|  0%| F|  |TAMS 0x0000000088100000| PB 0x0000000088100000| Untracked |  0
|  76|0x0000000088200000, 0x0000000088200000, 0x0000000088300000|  0%| F|  |TAMS 0x0000000088200000| PB 0x0000000088200000| Untracked |  0
|  77|0x0000000088300000, 0x0000000088300000, 0x0000000088400000|  0%| F|  |TAMS 0x0000000088300000| PB 0x0000000088300000| Untracked |  0
|  78|0x0000000088400000, 0x0000000088400000, 0x0000000088500000|  0%| F|  |TAMS 0x0000000088400000| PB 0x0000000088400000| Untracked |  0
|  79|0x0000000088500000, 0x0000000088500000, 0x0000000088600000|  0%| F|  |TAMS 0x0000000088500000| PB 0x0000000088500000| Untracked |  0
|  80|0x0000000088600000, 0x0000000088600000, 0x0000000088700000|  0%| F|  |TAMS 0x0000000088600000| PB 0x0000000088600000| Untracked |  0
|  81|0x0000000088700000, 0x0000000088700000, 0x0000000088800000|  0%| F|  |TAMS 0x0000000088700000| PB 0x0000000088700000| Untracked |  0
|  82|0x0000000088800000, 0x0000000088800000, 0x0000000088900000|  0%| F|  |TAMS 0x0000000088800000| PB 0x0000000088800000| Untracked |  0
|  83|0x0000000088900000, 0x0000000088900000, 0x0000000088a00000|  0%| F|  |TAMS 0x0000000088900000| PB 0x0000000088900000| Untracked |  0
|  84|0x0000000088a00000, 0x0000000088a00000, 0x0000000088b00000|  0%| F|  |TAMS 0x0000000088a00000| PB 0x0000000088a00000| Untracked |  0
|  85|0x0000000088b00000, 0x0000000088b00000, 0x0000000088c00000|  0%| F|  |TAMS 0x0000000088b00000| PB 0x0000000088b00000| Untracked |  0
|  86|0x0000000088c00000, 0x0000000088c00000, 0x0000000088d00000|  0%| F|  |TAMS 0x0000000088c00000| PB 0x0000000088c00000| Untracked |  0
|  87|0x0000000088d00000, 0x0000000088d00000, 0x0000000088e00000|  0%| F|  |TAMS 0x0000000088d00000| PB 0x0000000088d00000| Untracked |  0
|  88|0x0000000088e00000, 0x0000000088e00000, 0x0000000088f00000|  0%| F|  |TAMS 0x0000000088e00000| PB 0x0000000088e00000| Untracked |  0
|  89|0x0000000088f00000, 0x0000000088f00000, 0x0000000089000000|  0%| F|  |TAMS 0x0000000088f00000| PB 0x0000000088f00000| Untracked |  0
|  90|0x0000000089000000, 0x0000000089000000, 0x0000000089100000|  0%| F|  |TAMS 0x0000000089000000| PB 0x0000000089000000| Untracked |  0
|  91|0x0000000089100000, 0x0000000089100000, 0x0000000089200000|  0%| F|  |TAMS 0x0000000089100000| PB 0x0000000089100000| Untracked |  0
|  92|0x0000000089200000, 0x0000000089200000, 0x0000000089300000|  0%| F|  |TAMS 0x0000000089200000| PB 0x0000000089200000| Untracked |  0
|  93|0x0000000089300000, 0x0000000089300000, 0x0000000089400000|  0%| F|  |TAMS 0x0000000089300000| PB 0x0000000089300000| Untracked |  0
|  94|0x0000000089400000, 0x0000000089400000, 0x0000000089500000|  0%| F|  |TAMS 0x0000000089400000| PB 0x0000000089400000| Untracked |  0
|  95|0x0000000089500000, 0x0000000089500000, 0x0000000089600000|  0%| F|  |TAMS 0x0000000089500000| PB 0x0000000089500000| Untracked |  0
|  96|0x0000000089600000, 0x0000000089600000, 0x0000000089700000|  0%| F|  |TAMS 0x0000000089600000| PB 0x0000000089600000| Untracked |  0
|  97|0x0000000089700000, 0x0000000089700000, 0x0000000089800000|  0%| F|  |TAMS 0x0000000089700000| PB 0x0000000089700000| Untracked |  0
|  98|0x0000000089800000, 0x0000000089800000, 0x0000000089900000|  0%| F|  |TAMS 0x0000000089800000| PB 0x0000000089800000| Untracked |  0
|  99|0x0000000089900000, 0x0000000089900000, 0x0000000089a00000|  0%| F|  |TAMS 0x0000000089900000| PB 0x0000000089900000| Untracked |  0
| 100|0x0000000089a00000, 0x0000000089a00000, 0x0000000089b00000|  0%| F|  |TAMS 0x0000000089a00000| PB 0x0000000089a00000| Untracked |  0
| 101|0x0000000089b00000, 0x0000000089b00000, 0x0000000089c00000|  0%| F|  |TAMS 0x0000000089b00000| PB 0x0000000089b00000| Untracked |  0
| 102|0x0000000089c00000, 0x0000000089c00000, 0x0000000089d00000|  0%| F|  |TAMS 0x0000000089c00000| PB 0x0000000089c00000| Untracked |  0
| 103|0x0000000089d00000, 0x0000000089d00000, 0x0000000089e00000|  0%| F|  |TAMS 0x0000000089d00000| PB 0x0000000089d00000| Untracked |  0
| 104|0x0000000089e00000, 0x0000000089e00000, 0x0000000089f00000|  0%| F|  |TAMS 0x0000000089e00000| PB 0x0000000089e00000| Untracked |  0
| 105|0x0000000089f00000, 0x0000000089f00000, 0x000000008a000000|  0%| F|  |TAMS 0x0000000089f00000| PB 0x0000000089f00000| Untracked |  0
| 106|0x000000008a000000, 0x000000008a000000, 0x000000008a100000|  0%| F|  |TAMS 0x000000008a000000| PB 0x000000008a000000| Untracked |  0
| 107|0x000000008a100000, 0x000000008a100000, 0x000000008a200000|  0%| F|  |TAMS 0x000000008a100000| PB 0x000000008a100000| Untracked |  0
| 108|0x000000008a200000, 0x000000008a200000, 0x000000008a300000|  0%| F|  |TAMS 0x000000008a200000| PB 0x000000008a200000| Untracked |  0
| 109|0x000000008a300000, 0x000000008a300000, 0x000000008a400000|  0%| F|  |TAMS 0x000000008a300000| PB 0x000000008a300000| Untracked |  0
| 110|0x000000008a400000, 0x000000008a400000, 0x000000008a500000|  0%| F|  |TAMS 0x000000008a400000| PB 0x000000008a400000| Untracked |  0
| 111|0x000000008a500000, 0x000000008a500000, 0x000000008a600000|  0%| F|  |TAMS 0x000000008a500000| PB 0x000000008a500000| Untracked |  0
| 112|0x000000008a600000, 0x000000008a600000, 0x000000008a700000|  0%| F|  |TAMS 0x000000008a600000| PB 0x000000008a600000| Untracked |  0
| 113|0x000000008a700000, 0x000000008a700000, 0x000000008a800000|  0%| F|  |TAMS 0x000000008a700000| PB 0x000000008a700000| Untracked |  0
| 114|0x000000008a800000, 0x000000008a800000, 0x000000008a900000|  0%| F|  |TAMS 0x000000008a800000| PB 0x000000008a800000| Untracked |  0
| 115|0x000000008a900000, 0x000000008aa00000, 0x000000008aa00000|100%| E|  |TAMS 0x000000008a900000| PB 0x000000008a900000| Complete |  0
| 116|0x000000008aa00000, 0x000000008ab00000, 0x000000008ab00000|100%| E|CS|TAMS 0x000000008aa00000| PB 0x000000008aa00000| Complete |  0
| 117|0x000000008ab00000, 0x000000008ac00000, 0x000000008ac00000|100%| E|CS|TAMS 0x000000008ab00000| PB 0x000000008ab00000| Complete |  0
| 118|0x000000008ac00000, 0x000000008ad00000, 0x000000008ad00000|100%| E|CS|TAMS 0x000000008ac00000| PB 0x000000008ac00000| Complete |  0
| 119|0x000000008ad00000, 0x000000008ae00000, 0x000000008ae00000|100%| E|CS|TAMS 0x000000008ad00000| PB 0x000000008ad00000| Complete |  0
| 120|0x000000008ae00000, 0x000000008af00000, 0x000000008af00000|100%| E|CS|TAMS 0x000000008ae00000| PB 0x000000008ae00000| Complete |  0
| 121|0x000000008af00000, 0x000000008b000000, 0x000000008b000000|100%| E|CS|TAMS 0x000000008af00000| PB 0x000000008af00000| Complete |  0
| 122|0x000000008b000000, 0x000000008b100000, 0x000000008b100000|100%| E|CS|TAMS 0x000000008b000000| PB 0x000000008b000000| Complete |  0
| 123|0x000000008b100000, 0x000000008b200000, 0x000000008b200000|100%| E|CS|TAMS 0x000000008b100000| PB 0x000000008b100000| Complete |  0
| 124|0x000000008b200000, 0x000000008b300000, 0x000000008b300000|100%| E|CS|TAMS 0x000000008b200000| PB 0x000000008b200000| Complete |  0
| 125|0x000000008b300000, 0x000000008b400000, 0x000000008b400000|100%| E|CS|TAMS 0x000000008b300000| PB 0x000000008b300000| Complete |  0
|1992|0x00000000ffe00000, 0x00000000fff00000, 0x00000000fff00000|100%| O|  |TAMS 0x00000000ffe00000| PB 0x00000000ffe00000| Untracked |  0
|1993|0x00000000fff00000, 0x00000000fff256a0, 0x0000000100000000| 14%| O|  |TAMS 0x00000000fff00000| PB 0x00000000fff00000| Untracked |  0

Card table byte_map: [0x000001b3224e0000,0x000001b3228d0000] _byte_map_base: 0x000001b3220c5000

Marking Bits: (CMBitMap*) 0x000001b30a4820f0
 Bits: [0x000001b3228d0000, 0x000001b3247f8000)

Polling page: 0x000001b308270000

Metaspace:
Metaspace        used 3112K, committed 3264K, reserved 1114112K
 class space     used 262K, committed 320K, reserved 1048576K

Usage:
  Non-class:      2.78 MB used.
      Class:    262.88 KB used.
       Both:      3.04 MB used.

Virtual space:
  Non-class space:       64.00 MB reserved,       2.88 MB (  4%) committed,  1 nodes.
      Class space:        1.00 GB reserved,     320.00 KB ( <1%) committed,  1 nodes.
             Both:        1.06 GB reserved,       3.19 MB ( <1%) committed. 

Chunk freelists:
   Non-Class:  11.50 MB
       Class:  15.66 MB
        Both:  27.15 MB

MaxMetaspaceSize: unlimited
CompressedClassSpaceSize: 1.00 GB
Initial GC threshold: 21.00 MB
Current GC threshold: 21.00 MB
CDS: on
 - commit_granule_bytes: 65536.
 - commit_granule_words: 8192.
 - virtual_space_node_default_size: 8388608.
 - enlarge_chunks_in_place: 1.
UseCompressedClassPointers 1, UseCompactObjectHeaders 0
Narrow klass pointer bits 32, Max shift 3
Narrow klass base: 0x0000000003000000, Narrow klass shift: 0
Encoding Range: [0x0000000003000000 - 0x0000000103000000), (4294967296 bytes)
Klass Range:    [0x0000000003010000 - 0x0000000044000000), (1090453504 bytes)
Klass ID Range:  [65536 - 1090519033) (1090453497)
Protection zone: [0x0000000003000000 - 0x0000000003010000), (65536 bytes)


Internal statistics:

num_allocs_failed_limit: 0.
num_arena_births: 54.
num_arena_deaths: 0.
num_vsnodes_births: 2.
num_vsnodes_deaths: 0.
num_space_committed: 51.
num_space_uncommitted: 0.
num_chunks_returned_to_freelist: 0.
num_chunks_taken_from_freelist: 105.
num_chunk_merges: 0.
num_chunk_splits: 64.
num_chunks_enlarged: 28.
num_inconsistent_stats: 0.

CodeHeap 'non-profiled nmethods': size=120064Kb used=241Kb max_used=241Kb free=119822Kb
 bounds [0x000001b31a770000, 0x000001b31a9e0000, 0x000001b321cb0000]
CodeHeap 'profiled nmethods': size=120000Kb used=1243Kb max_used=1243Kb free=118756Kb
 bounds [0x000001b312cb0000, 0x000001b312f20000, 0x000001b31a1e0000]
CodeHeap 'non-nmethods': size=5696Kb used=1533Kb max_used=1555Kb free=4162Kb
 bounds [0x000001b31a1e0000, 0x000001b31a450000, 0x000001b31a770000]
CodeCache: size=245760Kb, used=3017Kb, max_used=3039Kb, free=242740Kb
 total_blobs=1391, nmethods=911, adapters=383, full_count=0
Compilation: enabled, stopped_count=0, restarted_count=0

Compilation events (20 events):
Event: 2026.291 Thread 0x000001b326b5f320 nmethod 903 0x000001b31a7ab388 code [0x000001b31a7ab480, 0x000001b31a7ab548]
Event: 2026.291 Thread 0x000001b326b5f320  902       3       java.lang.invoke.DirectMethodHandle::constructorMethod (10 bytes)
Event: 2026.291 Thread 0x000001b326b5f320 nmethod 902 0x000001b312de5488 code [0x000001b312de5580, 0x000001b312de5740]
Event: 2031.374 Thread 0x000001b326b5f320  904       3       java.nio.ByteBuffer::limit (8 bytes)
Event: 2031.374 Thread 0x000001b326b5f320 nmethod 904 0x000001b312de5788 code [0x000001b312de5880, 0x000001b312de59d8]
Event: 2031.376 Thread 0x000001b326b5ae80  905 % !   4       java.lang.StringUTF16::replace @ 539 (625 bytes)
Event: 2031.377 Thread 0x000001b326b5f320  906       1       java.nio.Buffer::capacity (5 bytes)
Event: 2031.377 Thread 0x000001b326b5f320 nmethod 906 0x000001b31a7ab688 code [0x000001b31a7ab780, 0x000001b31a7ab848]
Event: 2031.388 Thread 0x000001b326b5ae80 nmethod 905% 0x000001b31a7ab988 code [0x000001b31a7aba80, 0x000001b31a7ac4d8]
Event: 2035.854 Thread 0x000001b326b5f320  907       3       java.util.LinkedList::add (7 bytes)
Event: 2035.854 Thread 0x000001b326b5f320 nmethod 907 0x000001b312de5a88 code [0x000001b312de5b80, 0x000001b312de5ce8]
Event: 2035.854 Thread 0x000001b326b5f320  911       3       java.util.Collections$UnmodifiableCollection$1::next (10 bytes)
Event: 2035.854 Thread 0x000001b326b5f320 nmethod 911 0x000001b312de5d88 code [0x000001b312de5e80, 0x000001b312de6058]
Event: 2035.854 Thread 0x000001b326b5f320  909       3       java.util.KeyValueHolder::<init> (21 bytes)
Event: 2035.855 Thread 0x000001b326b5f320 nmethod 909 0x000001b312de6088 code [0x000001b312de6180, 0x000001b312de6648]
Event: 2035.855 Thread 0x000001b326b5f320  908       3       java.util.LinkedList::linkLast (59 bytes)
Event: 2035.855 Thread 0x000001b326b5ae80  912   !   4       java.lang.StringUTF16::replace (625 bytes)
Event: 2035.856 Thread 0x000001b326b5f320 nmethod 908 0x000001b312de6688 code [0x000001b312de6780, 0x000001b312de6bc8]
Event: 2035.856 Thread 0x000001b326b5f320  910       3       java.util.ImmutableCollections$MapN$MapNIterator::hasNext (13 bytes)
Event: 2035.856 Thread 0x000001b326b5f320 nmethod 910 0x000001b312de6c08 code [0x000001b312de6d00, 0x000001b312de6e58]

GC Heap Usage History (0 events):
No events

Metaspace Usage History (0 events):
No events

Dll operation events (7 events):
Event: 0.009 Loaded shared library C:\Program Files\Java\jdk-25\bin\java.dll
Event: 0.109 Loaded shared library C:\Program Files\Java\jdk-25\bin\jimage.dll
Event: 0.112 Loaded shared library C:\Program Files\Java\jdk-25\bin\net.dll
Event: 0.114 Loaded shared library C:\Program Files\Java\jdk-25\bin\nio.dll
Event: 0.131 Loaded shared library C:\Program Files\Java\jdk-25\bin\zip.dll
Event: 0.142 Loaded shared library C:\Program Files\Java\jdk-25\bin\extnet.dll
Event: 0.179 Loaded shared library C:\Program Files\Java\jdk-25\bin\sunmscapi.dll

Deoptimization events (20 events):
Event: 5.326 Thread 0x000001b326b73a80 DEOPT PACKING pc=0x000001b31a77e4d0 sp=0x0000004fe25fe450
Event: 5.326 Thread 0x000001b326b73a80 DEOPT UNPACKING pc=0x000001b31a321982 sp=0x0000004fe25fe3f0 mode 2
Event: 5.326 Thread 0x000001b326b73a80 Uncommon trap: trap_request=0xffffff45 fr.pc=0x000001b31a785a90 relative=0x0000000000000510
Event: 5.326 Thread 0x000001b326b73a80 Uncommon trap: reason=unstable_if action=reinterpret pc=0x000001b31a785a90 method=java.lang.AbstractStringBuilder.needsNewBuffer([BBIB)Z @ 8 c2
Event: 5.326 Thread 0x000001b326b73a80 DEOPT PACKING pc=0x000001b31a785a90 sp=0x0000004fe25fec20
Event: 5.326 Thread 0x000001b326b73a80 DEOPT UNPACKING pc=0x000001b31a321982 sp=0x0000004fe25feb40 mode 2
Event: 2025.105 Thread 0x000001b326b73a80 DEOPT PACKING pc=0x000001b312dc1cbe sp=0x0000004fe25fea20
Event: 2025.106 Thread 0x000001b326b73a80 DEOPT UNPACKING pc=0x000001b31a2312a2 sp=0x0000004fe25fdea8 mode 0
Event: 2025.106 Thread 0x000001b326b73a80 DEOPT PACKING pc=0x000001b312dc1cbe sp=0x0000004fe25fea20
Event: 2025.107 Thread 0x000001b326b73a80 DEOPT UNPACKING pc=0x000001b31a2312a2 sp=0x0000004fe25fdea8 mode 0
Event: 2025.107 Thread 0x000001b326b73a80 DEOPT PACKING pc=0x000001b312dc1cbe sp=0x0000004fe25fea00
Event: 2025.107 Thread 0x000001b326b73a80 DEOPT UNPACKING pc=0x000001b31a2312a2 sp=0x0000004fe25fde88 mode 0
Event: 2025.107 Thread 0x000001b326b73a80 DEOPT PACKING pc=0x000001b312dc1cbe sp=0x0000004fe25fea20
Event: 2025.107 Thread 0x000001b326b73a80 DEOPT UNPACKING pc=0x000001b31a2312a2 sp=0x0000004fe25fdea8 mode 0
Event: 2035.855 Thread 0x000001b326b73a80 DEOPT PACKING pc=0x000001b312de1f4c sp=0x0000004fe25feaa0
Event: 2035.855 Thread 0x000001b326b73a80 DEOPT UNPACKING pc=0x000001b31a2312a2 sp=0x0000004fe25fdfa8 mode 0
Event: 2035.855 Thread 0x000001b326b73a80 DEOPT PACKING pc=0x000001b312de1f4c sp=0x0000004fe25feaa0
Event: 2035.855 Thread 0x000001b326b73a80 DEOPT UNPACKING pc=0x000001b31a2312a2 sp=0x0000004fe25fdfa8 mode 0
Event: 2035.855 Thread 0x000001b326b73a80 DEOPT PACKING pc=0x000001b312de1f4c sp=0x0000004fe25feaa0
Event: 2035.855 Thread 0x000001b326b73a80 DEOPT UNPACKING pc=0x000001b31a2312a2 sp=0x0000004fe25fdfa8 mode 0

Classes loaded (20 events):
Event: 5.323 Loading class sun/util/resources/LocaleData$LocaleDataResourceBundleProvider done
Event: 5.323 Loading class sun/util/resources/LocaleData$CommonResourceBundleProvider done
Event: 5.323 Loading class java/util/ArrayList$SubList$1
Event: 5.323 Loading class java/util/ArrayList$SubList$1 done
Event: 40.323 Loading class java/net/StandardSocketOptions
Event: 40.323 Loading class java/net/StandardSocketOptions done
Event: 40.323 Loading class java/net/StandardSocketOptions$StdSocketOption
Event: 40.324 Loading class java/net/StandardSocketOptions$StdSocketOption done
Event: 40.324 Loading class sun/nio/ch/SocketOptionRegistry
Event: 40.324 Loading class sun/nio/ch/SocketOptionRegistry done
Event: 40.324 Loading class sun/nio/ch/SocketOptionRegistry$RegistryKey
Event: 40.324 Loading class sun/nio/ch/SocketOptionRegistry$RegistryKey done
Event: 40.324 Loading class sun/nio/ch/SocketOptionRegistry$LazyInitialization
Event: 40.324 Loading class sun/nio/ch/SocketOptionRegistry$LazyInitialization done
Event: 40.324 Loading class sun/nio/ch/OptionKey
Event: 40.324 Loading class sun/nio/ch/OptionKey done
Event: 40.324 Loading class sun/nio/ch/ExtendedSocketOption
Event: 40.324 Loading class sun/nio/ch/ExtendedSocketOption done
Event: 40.324 Loading class sun/nio/ch/ExtendedSocketOption$1
Event: 40.324 Loading class sun/nio/ch/ExtendedSocketOption$1 done

Classes unloaded (0 events):
No events

Classes redefined (0 events):
No events

Internal exceptions (10 events):
Event: 0.139 Thread 0x000001b308002fc0 Exception <a 'java/lang/NoSuchMethodError'{0x000000008b184f30}: 'java.lang.Object java.lang.invoke.DirectMethodHandle$Holder.invokeStaticInit(java.lang.Object)'> (0x000000008b184f30) 
thrown [s\open\src\hotspot\share\interpreter\linkResolver.cpp, line 804]
Event: 0.158 Thread 0x000001b308002fc0 Exception <a 'java/lang/NoSuchMethodError'{0x000000008b1fc9c0}: 'java.lang.Object java.lang.invoke.DirectMethodHandle$Holder.invokeStaticInit(java.lang.Object, int, int, int, int)'> (0x000000008b1fc9c0) 
thrown [s\open\src\hotspot\share\interpreter\linkResolver.cpp, line 804]
Event: 0.285 Thread 0x000001b308002fc0 Exception <a 'java/lang/NoSuchMethodError'{0x000000008afbb0d8}: 'java.lang.Object java.lang.invoke.DirectMethodHandle$Holder.invokeStaticInit(java.lang.Object, java.lang.Object, int, int, int, int)'> (0x000000008afbb0d8) 
thrown [s\open\src\hotspot\share\interpreter\linkResolver.cpp, line 804]
Event: 3.265 Thread 0x000001b326b73a80 Exception <a 'java/lang/NoSuchMethodError'{0x000000008aebee98}: 'java.lang.Object java.lang.invoke.DirectMethodHandle$Holder.invokeInterface(java.lang.Object, java.lang.Object)'> (0x000000008aebee98) 
thrown [s\open\src\hotspot\share\interpreter\linkResolver.cpp, line 804]
Event: 3.273 Thread 0x000001b326b73a80 Exception <a 'java/lang/NoSuchMethodError'{0x000000008aefac30}: 'java.lang.Object java.lang.invoke.DirectMethodHandle$Holder.invokeSpecialIFC(java.lang.Object, java.lang.Object, java.lang.Object, java.lang.Object)'> (0x000000008aefac30) 
thrown [s\open\src\hotspot\share\interpreter\linkResolver.cpp, line 804]
Event: 3.275 Thread 0x000001b326b73a80 Exception <a 'java/lang/NoSuchMethodError'{0x000000008ad8b818}: 'java.lang.Object java.lang.invoke.DirectMethodHandle$Holder.invokeVirtual(java.lang.Object, java.lang.Object, java.lang.Object, java.lang.Object)'> (0x000000008ad8b818) 
thrown [s\open\src\hotspot\share\interpreter\linkResolver.cpp, line 804]
Event: 3.276 Thread 0x000001b326b73a80 Exception <a 'java/lang/NoSuchMethodError'{0x000000008ad9c110}: 'void java.lang.invoke.DirectMethodHandle$Holder.invokeStatic(java.lang.Object, java.lang.Object, java.lang.Object, java.lang.Object)'> (0x000000008ad9c110) 
thrown [s\open\src\hotspot\share\interpreter\linkResolver.cpp, line 804]
Event: 3.337 Thread 0x000001b326b73a80 Exception <a 'java/lang/NoSuchMethodError'{0x000000008ab562a8}: 'java.lang.Object java.lang.invoke.DirectMethodHandle$Holder.newInvokeSpecial(java.lang.Object, java.lang.Object, java.lang.Object, int)'> (0x000000008ab562a8) 
thrown [s\open\src\hotspot\share\interpreter\linkResolver.cpp, line 804]
Event: 3.338 Thread 0x000001b326b73a80 Exception <a 'java/lang/NoSuchMethodError'{0x000000008ab5eee0}: 'java.lang.Object java.lang.invoke.Invokers$Holder.linkToTargetMethod(java.lang.Object, java.lang.Object, int, java.lang.Object)'> (0x000000008ab5eee0) 
thrown [s\open\src\hotspot\share\interpreter\linkResolver.cpp, line 804]
Event: 3.345 Thread 0x000001b326b73a80 Exception <a 'java/lang/IncompatibleClassChangeError'{0x000000008aba6590}: Found class java.lang.Object, but interface was expected> (0x000000008aba6590) 
thrown [s\open\src\hotspot\share\interpreter\linkResolver.cpp, line 871]

VM Operations (8 events):
Event: 3.250 Executing non-safepoint VM operation: HandshakeAllThreads (Deoptimize)
Event: 3.250 Executing non-safepoint VM operation: HandshakeAllThreads (Deoptimize) done
Event: 5.326 Executing non-safepoint VM operation: HandshakeAllThreads (Deoptimize)
Event: 5.326 Executing non-safepoint VM operation: HandshakeAllThreads (Deoptimize) done
Event: 60.120 Executing non-safepoint VM operation: HandshakeAllThreads (HandshakeForDeflation)
Event: 60.120 Executing non-safepoint VM operation: HandshakeAllThreads (HandshakeForDeflation) done
Event: 60.120 Executing non-safepoint VM operation: RendezvousGCThreads
Event: 60.120 Executing non-safepoint VM operation: RendezvousGCThreads done

Memory protections (0 events):
No events

Nmethod flushes (0 events):
No events

Events (18 events):
Event: 0.022 Thread 0x000001b308002fc0 Thread added: 0x000001b308002fc0
Event: 0.030 Thread 0x000001b308002fc0 Thread added: 0x000001b326b41630
Event: 0.030 Thread 0x000001b308002fc0 Thread added: 0x000001b326b41df0
Event: 0.030 Thread 0x000001b308002fc0 Thread added: 0x000001b326b439c0
Event: 0.030 Thread 0x000001b308002fc0 Thread added: 0x000001b326b44580
Event: 0.031 Thread 0x000001b308002fc0 Thread added: 0x000001b326b45270
Event: 0.031 Thread 0x000001b308002fc0 Thread added: 0x000001b326b45f60
Event: 0.031 Thread 0x000001b308002fc0 Thread added: 0x000001b326b5ae80
Event: 0.031 Thread 0x000001b308002fc0 Thread added: 0x000001b326b5f320
Event: 0.042 Thread 0x000001b308002fc0 Thread added: 0x000001b3273ae4a0
Event: 0.042 Thread 0x000001b308002fc0 Thread added: 0x000001b3273b8050
Event: 0.042 Thread 0x000001b3273ae4a0 Thread added: 0x000001b3273ba940
Event: 0.095 Thread 0x000001b308002fc0 Thread added: 0x000001b3273bb530
Event: 0.099 Thread 0x000001b308002fc0 Thread added: 0x000001b3273d31c0
Event: 0.294 Thread 0x000001b308002fc0 Thread added: 0x000001b3276bbd20
Event: 0.305 Thread 0x000001b308002fc0 Thread added: 0x000001b326b73a80
Event: 0.305 Thread 0x000001b308002fc0 Thread exited: 0x000001b308002fc0
Event: 0.305 Thread 0x000001b326b751f0 Thread added: 0x000001b326b751f0


Dynamic libraries:
0x00007ff6b45f0000 - 0x00007ff6b4600000 	C:\Program Files\Java\jdk-25\bin\java.exe
0x00007ffe47240000 - 0x00007ffe474a8000 	C:\Windows\SYSTEM32\ntdll.dll
0x00007ffe45f40000 - 0x00007ffe46009000 	C:\Windows\System32\KERNEL32.DLL
0x00007ffe44ae0000 - 0x00007ffe44ed2000 	C:\Windows\System32\KERNELBASE.dll
0x00007ffe443d0000 - 0x00007ffe4451b000 	C:\Windows\System32\ucrtbase.dll
0x00007ffe1d6b0000 - 0x00007ffe1d6ce000 	C:\Program Files\Java\jdk-25\bin\VCRUNTIME140.dll
0x00007ffe3ec30000 - 0x00007ffe3ec47000 	C:\Program Files\Java\jdk-25\bin\jli.dll
0x00007ffe46740000 - 0x00007ffe46905000 	C:\Windows\System32\USER32.dll
0x00007ffe44a10000 - 0x00007ffe44a37000 	C:\Windows\System32\win32u.dll
0x00007ffe2e4b0000 - 0x00007ffe2e743000 	C:\Windows\WinSxS\amd64_microsoft.windows.common-controls_6595b64144ccf1df_6.0.26100.6899_none_3e0efeeae32e88c1\COMCTL32.dll
0x00007ffe45e60000 - 0x00007ffe45e8b000 	C:\Windows\System32\GDI32.dll
0x00007ffe46010000 - 0x00007ffe460b9000 	C:\Windows\System32\msvcrt.dll
0x00007ffe44ee0000 - 0x00007ffe4500d000 	C:\Windows\System32\gdi32full.dll
0x00007ffe447e0000 - 0x00007ffe44883000 	C:\Windows\System32\msvcp_win.dll
0x00007ffe46330000 - 0x00007ffe4635f000 	C:\Windows\System32\IMM32.DLL
0x00007ffe2ffd0000 - 0x00007ffe2ffdc000 	C:\Program Files\Java\jdk-25\bin\vcruntime140_1.dll
0x00007ffdcbdc0000 - 0x00007ffdcbe4d000 	C:\Program Files\Java\jdk-25\bin\msvcp140.dll
0x00007ffd8f080000 - 0x00007ffd8fedf000 	C:\Program Files\Java\jdk-25\bin\server\jvm.dll
0x00007ffe46270000 - 0x00007ffe46324000 	C:\Windows\System32\ADVAPI32.dll
0x00007ffe45e90000 - 0x00007ffe45f36000 	C:\Windows\System32\sechost.dll
0x00007ffe45530000 - 0x00007ffe45648000 	C:\Windows\System32\RPCRT4.dll
0x00007ffe46a10000 - 0x00007ffe46a84000 	C:\Windows\System32\WS2_32.dll
0x00007ffe44230000 - 0x00007ffe4428e000 	C:\Windows\SYSTEM32\POWRPROF.dll
0x00007ffe3c380000 - 0x00007ffe3c3b5000 	C:\Windows\SYSTEM32\WINMM.dll
0x00007ffe33e60000 - 0x00007ffe33e6b000 	C:\Windows\SYSTEM32\VERSION.dll
0x00007ffe44210000 - 0x00007ffe44224000 	C:\Windows\SYSTEM32\UMPDC.dll
0x00007ffe431a0000 - 0x00007ffe431bb000 	C:\Windows\SYSTEM32\kernel.appcore.dll
0x00007ffe297e0000 - 0x00007ffe297ea000 	C:\Program Files\Java\jdk-25\bin\jimage.dll
0x00007ffe417a0000 - 0x00007ffe419e2000 	C:\Windows\SYSTEM32\DBGHELP.DLL
0x00007ffe46c80000 - 0x00007ffe46ffb000 	C:\Windows\System32\combase.dll
0x00007ffe46660000 - 0x00007ffe46737000 	C:\Windows\System32\OLEAUT32.dll
0x00007ffe2ccf0000 - 0x00007ffe2cd2c000 	C:\Windows\SYSTEM32\dbgcore.DLL
0x00007ffe44a40000 - 0x00007ffe44ad8000 	C:\Windows\System32\bcryptPrimitives.dll
0x00007ffe3eb70000 - 0x00007ffe3ebad000 	C:\Program Files\Java\jdk-25\bin\jdwp.dll
0x00007ffe03bc0000 - 0x00007ffe03bdf000 	C:\Program Files\Java\jdk-25\bin\java.dll
0x00007ffe47060000 - 0x00007ffe471f8000 	C:\Windows\System32\ole32.dll
0x00007ffe45710000 - 0x00007ffe45e5d000 	C:\Windows\System32\SHELL32.dll
0x00007ffe445b0000 - 0x00007ffe4471b000 	C:\Windows\System32\wintypes.dll
0x00007ffe41ff0000 - 0x00007ffe4284d000 	C:\Windows\SYSTEM32\windows.storage.dll
0x00007ffe46910000 - 0x00007ffe46a02000 	C:\Windows\System32\SHCORE.dll
0x00007ffe46170000 - 0x00007ffe461d2000 	C:\Windows\System32\shlwapi.dll
0x00007ffe442f0000 - 0x00007ffe44319000 	C:\Windows\SYSTEM32\profapi.dll
0x00007ffe3ec20000 - 0x00007ffe3ec2c000 	C:\Program Files\Java\jdk-25\bin\dt_socket.dll
0x00007ffe42c20000 - 0x00007ffe42c54000 	C:\Windows\SYSTEM32\IPHLPAPI.DLL
0x00007ffe43710000 - 0x00007ffe4377b000 	C:\Windows\system32\mswsock.dll
0x00007ffe42d00000 - 0x00007ffe42e26000 	C:\Windows\SYSTEM32\DNSAPI.dll
0x00007ffe45010000 - 0x00007ffe4501a000 	C:\Windows\System32\NSI.dll
0x00007ffe35a70000 - 0x00007ffe35a7b000 	C:\Windows\System32\rasadhlp.dll
0x00007ffe3bfd0000 - 0x00007ffe3c056000 	C:\Windows\System32\fwpuclnt.dll
0x00007ffe015a0000 - 0x00007ffe015b2000 	C:\Program Files\Java\jdk-25\bin\net.dll
0x00007ffe014f0000 - 0x00007ffe01506000 	C:\Program Files\Java\jdk-25\bin\nio.dll
0x00007ffdfd310000 - 0x00007ffdfd327000 	C:\Program Files\Java\jdk-25\bin\zip.dll
0x00007ffe28520000 - 0x00007ffe28529000 	C:\Program Files\Java\jdk-25\bin\extnet.dll
0x00007ffe3ec00000 - 0x00007ffe3ec0e000 	C:\Program Files\Java\jdk-25\bin\sunmscapi.dll
0x00007ffe44890000 - 0x00007ffe44a07000 	C:\Windows\System32\CRYPT32.dll
0x00007ffe43be0000 - 0x00007ffe43c10000 	C:\Windows\SYSTEM32\ncrypt.dll
0x00007ffe43b90000 - 0x00007ffe43bcf000 	C:\Windows\SYSTEM32\NTASN1.dll
0x00007ffe40d40000 - 0x00007ffe40d48000 	C:\Windows\system32\wshunix.dll
0x00007ffe439d0000 - 0x00007ffe439eb000 	C:\Windows\SYSTEM32\CRYPTSP.dll
0x00007ffe430e0000 - 0x00007ffe4311b000 	C:\Windows\system32\rsaenh.dll
0x00007ffe437b0000 - 0x00007ffe437db000 	C:\Windows\SYSTEM32\USERENV.dll
0x00007ffe442c0000 - 0x00007ffe442e6000 	C:\Windows\SYSTEM32\bcrypt.dll
0x00007ffe439c0000 - 0x00007ffe439cc000 	C:\Windows\SYSTEM32\CRYPTBASE.dll

JVMTI agents:
jdwp path:C:\Program Files\Java\jdk-25\bin\jdwp.dll, loaded, initialized, options:transport=dt_socket,server=n,suspend=y,address=localhost:59761

dbghelp: loaded successfully - version: 4.0.5 - missing functions: none
symbol engine: initialized successfully - sym options: 0x614 - pdb path: .;C:\Program Files\Java\jdk-25\bin;C:\Windows\SYSTEM32;C:\Windows\WinSxS\amd64_microsoft.windows.common-controls_6595b64144ccf1df_6.0.26100.6899_none_3e0efeeae32e88c1;C:\Program Files\Java\jdk-25\bin\server

VM Arguments:
jvm_args: -agentlib:jdwp=transport=dt_socket,server=n,suspend=y,address=localhost:59761 --enable-preview -XX:+ShowCodeDetailsInExceptionMessages 
java_command: server.WeatherServer
java_class_path (initial): C:\Users\prashant\AppData\Roaming\Code\User\workspaceStorage\c35da11318f524d21a0c0b4b58bcfc4b\redhat.java\jdt_ws\WeatherApp_fc8a3410\bin;c:\ALL STUFF\PROJECTS\WeatherApp\lib\mysql-connector-j-9.2.0.jar
Launcher Type: SUN_STANDARD

[Global flags]
     intx CICompilerCount                          = 4                                         {product} {ergonomic}
     uint ConcGCThreads                            = 2                                         {product} {ergonomic}
     uint G1ConcRefinementThreads                  = 8                                         {product} {ergonomic}
   size_t G1HeapRegionSize                         = 1048576                                   {product} {ergonomic}
   size_t InitialHeapSize                          = 132120576                                 {product} {ergonomic}
   size_t MarkStackSize                            = 4194304                                   {product} {ergonomic}
   size_t MarkStackSizeMax                         = 536870912                                 {product} {ergonomic}
   size_t MaxHeapSize                              = 2090860544                                {product} {ergonomic}
   size_t MaxNewSize                               = 1254096896                                {product} {ergonomic}
   size_t MinHeapDeltaBytes                        = 1048576                                   {product} {ergonomic}
   size_t MinHeapSize                              = 8388608                                   {product} {ergonomic}
    uintx NonNMethodCodeHeapSize                   = 5832704                                {pd product} {ergonomic}
    uintx NonProfiledCodeHeapSize                  = 122945536                              {pd product} {ergonomic}
    uintx ProfiledCodeHeapSize                     = 122880000                              {pd product} {ergonomic}
    uintx ReservedCodeCacheSize                    = 251658240                              {pd product} {ergonomic}
     bool SegmentedCodeCache                       = true                                      {product} {ergonomic}
     bool ShowCodeDetailsInExceptionMessages       = true                                   {manageable} {command line}
   size_t SoftMaxHeapSize                          = 2090860544                             {manageable} {ergonomic}
     bool UseCompressedOops                        = true                           {product lp64_product} {ergonomic}
     bool UseG1GC                                  = true                                      {product} {ergonomic}
     bool UseLargePagesIndividualAllocation        = false                                  {pd product} {ergonomic}

Logging:
Log output configuration:
 #0: stdout all=warning uptime,level,tags foldmultilines=false
 #1: stderr all=off uptime,level,tags foldmultilines=false

Release file:
IMPLEMENTOR="Oracle Corporation" 
JAVA_RUNTIME_VERSION="25.0.1+8-LTS-27" 
JAVA_VERSION="25.0.1" 
JAVA_VERSION_DATE="2025-10-21" 
LIBC="default" 
MODULES="java.base java.compiler java.datatransfer java.xml java.prefs java.desktop java.instrument java.logging java.management java.security.sasl java.naming java.rmi java.management.rmi java.net.http java.scripting java.security.jgss java.transaction.xa java.sql java.sql.rowset java.xml.crypto java.se java.smartcardio jdk.accessibility jdk.internal.jvmstat jdk.attach jdk.charsets jdk.internal.opt jdk.zipfs jdk.compiler jdk.crypto.cryptoki jdk.crypto.ec jdk.crypto.mscapi jdk.dynalink jdk.internal.ed jdk.editpad jdk.internal.vm.ci jdk.graal.compiler jdk.graal.compiler.management jdk.hotspot.agent jdk.httpserver jdk.incubator.vector jdk.internal.le jdk.internal.md jdk.jartool jdk.javadoc jdk.jcmd jdk.management jdk.management.agent jdk.jconsole jdk.jdeps jdk.jdwp.agent jdk.jdi jdk.jfr jdk.jlink jdk.jpackage jdk.jshell jdk.jsobject jdk.jstatd jdk.localedata jdk.management.jfr jdk.naming.dns jdk.naming.rmi jdk.net jdk.nio.mapmode jdk.sctp jdk.security.auth jdk.security.jgss jdk.unsupported jdk.unsupported.desktop jdk.xml.dom" 
OS_ARCH="x86_64" 
OS_NAME="Windows" 
SOURCE=".:git:862c85bc42b7 open:git:78770bfaefd2" 

Environment Variables:
JAVA_HOME=C:\Program Files\Java\jdk-25
PATH=C:sersrashantneDriveesktopoDoysql-connector-j-9.2.0;c:\Users\prashant\.vscode\extensions\vscjava.vscode-java-debug-0.58.4\bundled\scripts\noConfigScripts
USERNAME=prashant
LANG=en_US.UTF-8
OS=Windows_NT
PROCESSOR_IDENTIFIER=Intel64 Family 6 Model 140 Stepping 2, GenuineIntel
TMP=C:\Users\prashant\AppData\Local\Temp
TEMP=C:\Users\prashant\AppData\Local\Temp




Compilation memory statistics disabled.

Periodic native trim disabled

---------------  S Y S T E M  ---------------

OS:
 Windows 11 , 64 bit Build 26100 (10.0.26100.6725)
OS uptime: 0 days 5:51 hours
Hyper-V role detected

CPU: total 8 (initial active 8) (4 cores per cpu, 2 threads per core) family 6 model 140 stepping 2 microcode 0x26, cx8, cmov, fxsr, ht, mmx, 3dnowpref, sse, sse2, sse3, ssse3, sse4.1, sse4.2, popcnt, lzcnt, tsc, tscinvbit, avx, avx2, aes, erms, clmul, bmi1, bmi2, adx, avx512f, avx512dq, avx512cd, avx512bw, avx512vl, sha, fma, vzeroupper, avx512_vpopcntdq, avx512_vpclmulqdq, avx512_vaes, avx512_vnni, clflush, clflushopt, clwb, avx512_vbmi2, avx512_vbmi, hv, rdtscp, rdpid, fsrm, gfni, avx512_bitalg, f16c, cet_ibt, cet_ss, avx512_ifma
Processor Information for the first 8 processors :
  Max Mhz: 2496, Current Mhz: 2496, Mhz Limit: 2496

Memory: 4k page, system-wide physical 7975M (473M free)
TotalPageFile size 24359M (AvailPageFile size 3M)
current process WorkingSet (physical memory assigned to process): 45M, peak: 85M
current process commit charge ("private bytes"): 223M, peak: 229M

vm_info: Java HotSpot(TM) 64-Bit Server VM (25.0.1+8-LTS-27) for windows-amd64 JRE (25.0.1+8-LTS-27), built on 2025-09-25T16:41:16Z with unknown MS VC++:1943

END.
